  Building GameAssembly.dll with MsvcWinRtToolChain
  	Msvc Install Version: 17.0
  	Msvc Install SDK Directory: C:\Program Files (x86)\Windows Kits\10
  	Msvc Linker Path: C:\Program Files\Microsoft Visual Studio\2022\Community\VC\Tools\MSVC\14.33.31629\bin\HostX64\ARM64\link.exe
  	Msvc Compiler Path: C:\Program Files\Microsoft Visual Studio\2022\Community\VC\Tools\MSVC\14.33.31629\bin\HostX64\ARM64\cl.exe
  
  	Output directory: D:\MRTK3Testing\App\build\bin\ARM64\Release
  	Cache directory: D:\MRTK3Testing\App\build\obj\il2cppOutputProject\ARM64\Release
  Il2CppTypeDefinitions.c
  Il2CppMetadataUsage.c
  Il2CppGenericMethodPointerTable.c
  Il2CppInteropDataTable.cpp
  mscorlib_CodeGen.c
  Il2CppCCalculateFieldValues1.cpp
  Il2CppCCalculateTypeValues.cpp
  GenericMethods4.cpp
  Generics18.cpp
  Generics32.cpp
  Generics37.cpp
  Generics38.cpp
  Generics34.cpp
  Generics36.cpp
  Il2CppInvokerTable.cpp
  Il2CppGenericInstDefinitions.c
  GenericMethods1.cpp
  Generics53.cpp
  Generics19.cpp
  Generics17.cpp
  GenericMethods13.cpp
  Generics33.cpp
  Generics1.cpp
  Generics28.cpp
  GenericMethods7.cpp
  Il2CppCCWs93.cpp
  GenericMethods9.cpp
  Generics31.cpp
  Unity.InputSystem_CodeGen.c
  Generics40.cpp
  GenericMethods3.cpp
  Generics39.cpp
  Generics62.cpp
D:\MRTK3Testing\App\Il2CppOutputProject\IL2CPP\libil2cpp\codegen\il2cpp-codegen-common-small.h(34): warning C4305: 'return': truncation from '__int64' to 'T'
          with
          [
              T=int32_t
          ]
  D:\MRTK3Testing\App\Il2CppOutputProject\Source\il2cppOutput\Generics62.cpp(17329): note: see reference to function template instantiation 'T il2cpp_codegen_cast_double_to_int<int32_t>(double)' being compiled
          with
          [
              T=int32_t
          ]
D:\MRTK3Testing\App\Il2CppOutputProject\IL2CPP\libil2cpp\codegen\il2cpp-codegen-common-small.h(34): warning C4309: 'return': truncation of constant value
  GenericMethods11.cpp
  GenericMethods8.cpp
  Generics52.cpp
  Generics56.cpp
  Il2CppCCWs94.cpp
  Generics20.cpp
  GenericMethods12.cpp
  Generics9.cpp
D:\MRTK3Testing\App\Il2CppOutputProject\IL2CPP\libil2cpp\codegen\il2cpp-codegen-common-small.h(34): warning C4305: 'return': truncation from '__int64' to 'T'
          with
          [
              T=int32_t
          ]
  D:\MRTK3Testing\App\Il2CppOutputProject\Source\il2cppOutput\Generics9.cpp(22164): note: see reference to function template instantiation 'T il2cpp_codegen_cast_double_to_int<int32_t>(double)' being compiled
          with
          [
              T=int32_t
          ]
D:\MRTK3Testing\App\Il2CppOutputProject\IL2CPP\libil2cpp\codegen\il2cpp-codegen-common-small.h(34): warning C4309: 'return': truncation of constant value
  GenericMethods10.cpp
  Generics21.cpp
  Il2CppGenericAdjustorThunkTable.c
  GenericMethods.cpp
  Generics63.cpp
  Generics59.cpp
  UnityEngine.CoreModule.cpp
D:\MRTK3Testing\App\Il2CppOutputProject\IL2CPP\libil2cpp\codegen\il2cpp-codegen-common-small.h(34): warning C4305: 'return': truncation from '__int64' to 'T'
          with
          [
              T=int32_t
          ]
  D:\MRTK3Testing\App\Il2CppOutputProject\Source\il2cppOutput\UnityEngine.CoreModule.cpp(15745): note: see reference to function template instantiation 'T il2cpp_codegen_cast_double_to_int<int32_t>(double)' being compiled
          with
          [
              T=int32_t
          ]
D:\MRTK3Testing\App\Il2CppOutputProject\IL2CPP\libil2cpp\codegen\il2cpp-codegen-common-small.h(34): warning C4309: 'return': truncation of constant value
  UnityEngine.UIElementsModule_CodeGen.c
  Generics26.cpp
D:\MRTK3Testing\App\Il2CppOutputProject\IL2CPP\libil2cpp\codegen\il2cpp-codegen-common-small.h(34): warning C4305: 'return': truncation from '__int64' to 'T'
          with
          [
              T=int32_t
          ]
  D:\MRTK3Testing\App\Il2CppOutputProject\Source\il2cppOutput\Generics26.cpp(15799): note: see reference to function template instantiation 'T il2cpp_codegen_cast_double_to_int<int32_t>(double)' being compiled
          with
          [
              T=int32_t
          ]
D:\MRTK3Testing\App\Il2CppOutputProject\IL2CPP\libil2cpp\codegen\il2cpp-codegen-common-small.h(34): warning C4309: 'return': truncation of constant value
  Generics64.cpp
  UnityEngine.CoreModule1.cpp
D:\MRTK3Testing\App\Il2CppOutputProject\IL2CPP\libil2cpp\codegen\il2cpp-codegen-common-small.h(34): warning C4305: 'return': truncation from '__int64' to 'T'
          with
          [
              T=int32_t
          ]
  D:\MRTK3Testing\App\Il2CppOutputProject\Source\il2cppOutput\UnityEngine.CoreModule1.cpp(10372): note: see reference to function template instantiation 'T il2cpp_codegen_cast_double_to_int<int32_t>(double)' being compiled
          with
          [
              T=int32_t
          ]
D:\MRTK3Testing\App\Il2CppOutputProject\IL2CPP\libil2cpp\codegen\il2cpp-codegen-common-small.h(34): warning C4309: 'return': truncation of constant value
  Generics35.cpp
  Microsoft.MixedReality.Toolkit.SpatialManipulation.cpp
D:\MRTK3Testing\App\Il2CppOutputProject\IL2CPP\libil2cpp\codegen\il2cpp-codegen-common-small.h(34): warning C4305: 'return': truncation from '__int64' to 'T'
          with
          [
              T=int32_t
          ]
  D:\MRTK3Testing\App\Il2CppOutputProject\Source\il2cppOutput\Microsoft.MixedReality.Toolkit.SpatialManipulation.cpp(30682): note: see reference to function template instantiation 'T il2cpp_codegen_cast_double_to_int<int32_t>(double)' being compiled
          with
          [
              T=int32_t
          ]
D:\MRTK3Testing\App\Il2CppOutputProject\IL2CPP\libil2cpp\codegen\il2cpp-codegen-common-small.h(34): warning C4309: 'return': truncation of constant value
  Generics22.cpp
  Generics5.cpp
  Generics61.cpp
  Generics30.cpp
  Generics3.cpp
  Generics8.cpp
  Generics4.cpp
  Generics58.cpp
  Generics6.cpp
  Il2CppGenericClassTable.c
  Generics55.cpp
  GenericMethods5.cpp
  Generics57.cpp
  Il2CppGenericMethodTable.c
  Generics7.cpp
D:\MRTK3Testing\App\Il2CppOutputProject\IL2CPP\libil2cpp\codegen\il2cpp-codegen-common-small.h(34): warning C4305: 'return': truncation from '__int64' to 'T'
          with
          [
              T=int32_t
          ]
  D:\MRTK3Testing\App\Il2CppOutputProject\Source\il2cppOutput\Generics7.cpp(27865): note: see reference to function template instantiation 'T il2cpp_codegen_cast_double_to_int<int32_t>(double)' being compiled
          with
          [
              T=int32_t
          ]
D:\MRTK3Testing\App\Il2CppOutputProject\IL2CPP\libil2cpp\codegen\il2cpp-codegen-common-small.h(34): warning C4309: 'return': truncation of constant value
  Generics10.cpp
  Generics51.cpp
  Generics25.cpp
  Generics60.cpp
  Generics29.cpp
  Generics65.cpp
D:\MRTK3Testing\App\Il2CppOutputProject\IL2CPP\libil2cpp\codegen\il2cpp-codegen-common-small.h(34): warning C4305: 'return': truncation from '__int64' to 'T'
          with
          [
              T=int32_t
          ]
  D:\MRTK3Testing\App\Il2CppOutputProject\Source\il2cppOutput\Generics65.cpp(26992): note: see reference to function template instantiation 'T il2cpp_codegen_cast_double_to_int<int32_t>(double)' being compiled
          with
          [
              T=int32_t
          ]
D:\MRTK3Testing\App\Il2CppOutputProject\IL2CPP\libil2cpp\codegen\il2cpp-codegen-common-small.h(34): warning C4309: 'return': truncation of constant value
  UnityEngine.CoreModule2.cpp
  Generics23.cpp
  Generics24.cpp
  Il2CppCCWs110.cpp
  GenericMethods2.cpp
  UnresolvedVirtualCallStubs.cpp
  Il2CppCCalculateTypeValues1.cpp
  Il2CppGenericMethodDefinitions.c
  Generics67.cpp
D:\MRTK3Testing\App\Il2CppOutputProject\IL2CPP\libil2cpp\codegen\il2cpp-codegen-common-small.h(34): warning C4305: 'return': truncation from '__int64' to 'T'
          with
          [
              T=int32_t
          ]
  D:\MRTK3Testing\App\Il2CppOutputProject\Source\il2cppOutput\Generics67.cpp(27935): note: see reference to function template instantiation 'T il2cpp_codegen_cast_double_to_int<int32_t>(double)' being compiled
          with
          [
              T=int32_t
          ]
D:\MRTK3Testing\App\Il2CppOutputProject\IL2CPP\libil2cpp\codegen\il2cpp-codegen-common-small.h(34): warning C4309: 'return': truncation of constant value
  Generics66.cpp
D:\MRTK3Testing\App\Il2CppOutputProject\IL2CPP\libil2cpp\codegen\il2cpp-codegen-common-small.h(34): warning C4305: 'return': truncation from '__int64' to 'T'
          with
          [
              T=int32_t
          ]
  D:\MRTK3Testing\App\Il2CppOutputProject\Source\il2cppOutput\Generics66.cpp(20979): note: see reference to function template instantiation 'T il2cpp_codegen_cast_double_to_int<int32_t>(double)' being compiled
          with
          [
              T=int32_t
          ]
D:\MRTK3Testing\App\Il2CppOutputProject\IL2CPP\libil2cpp\codegen\il2cpp-codegen-common-small.h(34): warning C4309: 'return': truncation of constant value
  Generics54.cpp
  Generics41.cpp
  Generics27.cpp
  Generics14.cpp
  Generics15.cpp
  Generics48.cpp
  Generics12.cpp
  Generics16.cpp
  GenericMethods6.cpp
  Generics13.cpp
  Generics50.cpp
  Generics49.cpp
  Generics42.cpp
  Generics45.cpp
  Generics11.cpp
  Il2CppCCWs96.cpp
  Generics47.cpp
  Unity.XR.Interaction.Toolkit_CodeGen.c
  Generics44.cpp
  Generics43.cpp
  UnityEngine.CoreModule_CodeGen.c
  Generics46.cpp
  Generics68.cpp
D:\MRTK3Testing\App\Il2CppOutputProject\IL2CPP\libil2cpp\codegen\il2cpp-codegen-common-small.h(34): warning C4305: 'return': truncation from '__int64' to 'T'
          with
          [
              T=int32_t
          ]
  D:\MRTK3Testing\App\Il2CppOutputProject\Source\il2cppOutput\Generics68.cpp(15881): note: see reference to function template instantiation 'T il2cpp_codegen_cast_double_to_int<int32_t>(double)' being compiled
          with
          [
              T=int32_t
          ]
D:\MRTK3Testing\App\Il2CppOutputProject\IL2CPP\libil2cpp\codegen\il2cpp-codegen-common-small.h(34): warning C4309: 'return': truncation of constant value
  Il2CppCCWs103.cpp
  Il2CppCCWs102.cpp
  Il2CppCCWs108.cpp
  Il2CppCCWs101.cpp
  Il2CppCCWs98.cpp
  Il2CppCCTypeValuesTable.cpp
  Unity.XR.ARSubsystems_CodeGen.c
  Il2CppCCWs79.cpp
  Il2CppCCWs88.cpp
  Il2CppCCWs100.cpp
  Il2CppCCWs99.cpp
  Microsoft.MixedReality.Toolkit.SpatialManipulation1.cpp
  Il2CppCCWs97.cpp
  Il2CppCCWs80.cpp
  Il2CppCCWs42.cpp
  Il2CppCCWs104.cpp
  UnityEngine.UI_CodeGen.c
  Il2CppCCWs121.cpp
  Il2CppRgctxTable.c
  Il2CppCCWs40.cpp
  Il2CppCCWs39.cpp
  Il2CppCCWs27.cpp
  Il2CppCCWs38.cpp
  Il2CppCCWs85.cpp
  Unity.TextMeshPro_CodeGen.c
  System_CodeGen.c
  Il2CppCCWs41.cpp
  Il2CppCCWs84.cpp
  Il2CppCCWs81.cpp
  Il2CppCCWs25.cpp
  Il2CppCCWs83.cpp
  Il2CppCCWs26.cpp
  Unity.XR.ARFoundation_CodeGen.c
  Il2CppCCWs86.cpp
  Il2CppCCalculateFieldValues2.cpp
  Il2CppCCWs24.cpp
  Il2CppCCWs82.cpp
  Il2CppCCFieldValuesTable.cpp
  GenericMethods14.cpp
  Il2CppCCWs87.cpp
  Il2CppCCWs28.cpp
  Il2CppCCWs89.cpp
  Il2CppCCWs32.cpp
  Il2CppCCWs47.cpp
  Il2CppCCWs90.cpp
  Il2CppCCWs31.cpp
  Il2CppCCWs48.cpp
  Il2CppCCWs29.cpp
  Microsoft.MixedReality.Toolkit.Input_CodeGen.c
  Il2CppCCWs95.cpp
  Il2CppCCWs34.cpp
  Il2CppCCWs33.cpp
  UnityEngine.PhysicsModule.cpp
  Il2CppCCWs30.cpp
  Il2CppCCWs91.cpp
  Il2CppCCWs46.cpp
  Microsoft.MixedReality.Toolkit.Core_CodeGen.c
  Microsoft.MixedReality.OpenXR_CodeGen.c
  Il2CppCCWs92.cpp
  Microsoft.MixedReality.Toolkit.SpatialManipulation_CodeGen.c
  Microsoft.MixedReality.Toolkit.UXCore_CodeGen.c
  Unity.XR.OpenXR_CodeGen.c
  Il2CppCCWs49.cpp
  Il2CppCCWs35.cpp
  Il2CppCCWs78.cpp
  Il2CppCCWs45.cpp
  Il2CppCCWs37.cpp
  Il2CppCCWs122.cpp
  System.Core_CodeGen.c
  Il2CppCCWs50.cpp
  Il2CppCCWs64.cpp
  Unity.XR.CoreUtils_CodeGen.c
  Microsoft.MixedReality.GraphicsTools_CodeGen.c
  Il2CppCCWs58.cpp
  Il2CppCCWs77.cpp
  Il2CppCCWs68.cpp
  Il2CppCCWs53.cpp
  Il2CppCCWs72.cpp
  UnityEngine.IMGUIModule_CodeGen.c
  Il2CppCCWs60.cpp
  UnityEngine.TextCoreTextEngineModule_CodeGen.c
  System.Runtime.WindowsRuntime_CodeGen.c
  Il2CppCCWs69.cpp
  Il2CppCCWs51.cpp
  Il2CppCCWs70.cpp
  Il2CppCCWs62.cpp
  Il2CppCCWs67.cpp
  Il2CppCCWs66.cpp
  Il2CppCCWs61.cpp
  Il2CppCCWs74.cpp
  Il2CppCCWs71.cpp
  Il2CppCCWs63.cpp
  Il2CppCCWs75.cpp
  Il2CppCCWs54.cpp
  Mono.Security_CodeGen.c
  Il2CppCCWs59.cpp
  Il2CppCCWs52.cpp
  Il2CppCCWs65.cpp
  Il2CppCCWs57.cpp
  Assembly-CSharp_CodeGen.c
  Il2CppCCWs76.cpp
  Il2CppCCWs73.cpp
  Il2CppCCWs56.cpp
  Il2CppCCWs55.cpp
  Il2CppCCWs44.cpp
  Il2CppCCWs43.cpp
  UnityEngine.UIElementsNativeModule_CodeGen.c
  UnityEngine.XRModule_CodeGen.c
  UnityEngine.AndroidJNIModule_CodeGen.c
  I18N.Rare_CodeGen.c
  __Generated_CodeGen.c
  Il2CppCCWs36.cpp
  WindowsRuntimeMetadata_CodeGen.c
  I18N.CJK_CodeGen.c
  UnityEngine.TextCoreFontEngineModule_CodeGen.c
  UnityEngine.PhysicsModule_CodeGen.c
  UnityEngine.SubsystemsModule_CodeGen.c
  UnityEngine.UIModule_CodeGen.c
  Unity.XR.Management_CodeGen.c
  UnityEngine.AnimationModule_CodeGen.c
  I18N_CodeGen.c
  Microsoft.MixedReality.Toolkit.Accessibility_CodeGen.c
  System.Numerics_CodeGen.c
  I18N.West_CodeGen.c
  Microsoft.MixedReality.Toolkit.Diagnostics_CodeGen.c
  I18N.Other_CodeGen.c
  UnityEngine.TextRenderingModule_CodeGen.c
  UnityEngine.SharedInternalsModule_CodeGen.c
  UnityEngine.InputLegacyModule_CodeGen.c
  Microsoft.MixedReality.Toolkit.Environment_CodeGen.c
  UnityEngine.Physics2DModule_CodeGen.c
  Unity.XR.OpenXR.Features.MockRuntime_CodeGen.c
  Il2CppCodeRegistration.cpp
  UnityEngine.TilemapModule_CodeGen.c
  UnityEngine.SpatialTracking_CodeGen.c
  UnityEngine.TerrainModule_CodeGen.c
  UnityEngine.AudioModule_CodeGen.c
  Unity.XR.OpenXR.Features.ConformanceAutomation_CodeGen.c
  UnityEngine.VFXModule_CodeGen.c
  UnityEngine.ParticleSystemModule_CodeGen.c
  I18N.MidEast_CodeGen.c
  UnityEngine.VideoModule_CodeGen.c
  UnityEngine.UnityAnalyticsModule_CodeGen.c
  UnityEngine.InputModule_CodeGen.c
  System.Configuration_CodeGen.c
  Unity.XR.OpenXR.Features.RuntimeDebugger_CodeGen.c
  Microsoft.MixedReality.Toolkit.Speech.Windows_CodeGen.c
  System.Runtime.WindowsRuntime.UI.Xaml_CodeGen.c
  UnityEngine.AIModule_CodeGen.c
  UnityEngine.UnityWebRequestModule_CodeGen.c
  UnityEngine.DirectorModule_CodeGen.c
  UnityEngine.JSONSerializeModule_CodeGen.c
  UnityEngine.VRModule_CodeGen.c
  Il2CppMetadataRegistration.c
  Unity.XR.OpenXR.Features.OculusQuestSupport_CodeGen.c
  UnityEngine.GridModule_CodeGen.c
  System.Xml_CodeGen.c
  ObjectFiles: 525 of which compiled: 265
  	Time Compile: 17255 milliseconds Il2CppCCWs93.cpp
  	Time Compile: 14229 milliseconds Il2CppInvokerTable.cpp
  	Time Compile: 12859 milliseconds Generics34.cpp
  	Time Compile: 11264 milliseconds Il2CppCCWs94.cpp
  	Time Compile: 8220 milliseconds Generics67.cpp
  	Time Compile: 8085 milliseconds Generics28.cpp
  	Time Compile: 7983 milliseconds Generics4.cpp
  	Time Compile: 7971 milliseconds Il2CppCCWs110.cpp
  	Time Compile: 7844 milliseconds Generics58.cpp
  	Time Compile: 7557 milliseconds Generics1.cpp
  Total compilation time: 100739 milliseconds.
  Creating library D:\MRTK3Testing\App\build\obj\il2cppOutputProject\ARM64\Release\linkresult_A7AA445BADE98D332470F54DCAB7DC03\GameAssembly.lib and object D:\MRTK3Testing\App\build\obj\il2cppOutputProject\ARM64\Release\linkresult_A7AA445BADE98D332470F54DCAB7DC03\GameAssembly.exp
  Total link time: 115975 milliseconds.
  Cleaned up 265 object files.
